<?xml version="1.0" encoding="UTF-8"?>
<!-- Generated by org.testng.reporters.JUnitReportReporter -->
<testsuite hostname="My-Noutbook" failures="0" tests="1" name="ru.stqa.maven.AppTest" time="0.016" errors="0" timestamp="2021-11-09T19:40:38 GMT+03:00" skipped="0">
  <testcase classname="ru.stqa.maven.AppTest" name="shouldAnswerWithTrue" time="0.016"/>
  <system-out/>
</testsuite> <!-- ru.stqa.maven.AppTest -->
